<?xml version="1.0" encoding="UTF-8"?>
<!-- Generated by org.testng.reporters.JUnitReportReporter -->
<testsuite skipped="0" hostname="Admin-PC" name="com.Tests.LoginTest" tests="2" failures="0" timestamp="04 Aug 2019 13:51:26 GMT" time="24.532" errors="0">
  <testcase name="freeCrmTitleTest" time="13.042" classname="com.Tests.LoginTest"/>
  <testcase name="freemCRMLogoTest" time="11.490" classname="com.Tests.LoginTest"/>
</testsuite> <!-- com.Tests.LoginTest -->
