<?xml version="1.0" encoding="UTF-8"?>
<!-- Generated by org.testng.reporters.JUnitReportReporter -->
<testsuite skipped="0" hostname="Admin-PC" name="com.qa.TestCases.LoginTest" tests="2" failures="0" timestamp="04 Aug 2019 15:39:49 GMT" time="21.977" errors="0">
  <testcase name="freeCrmTitleTest" time="11.034" classname="com.qa.TestCases.LoginTest"/>
  <testcase name="freemCRMLogoTest" time="10.943" classname="com.qa.TestCases.LoginTest"/>
</testsuite> <!-- com.qa.TestCases.LoginTest -->
