<?xml version="1.0" encoding="UTF-8"?>
<!-- Generated by org.testng.reporters.JUnitReportReporter -->
<testsuite hostname="Admin-PC" name="com.qa.TestCases.LoginTest" tests="2" failures="0" timestamp="5 Aug 2019 14:52:45 GMT" time="47.897" errors="0">
  <testcase name="freemCRMLogoTest" time="13.990" classname="com.qa.TestCases.LoginTest"/>
  <testcase name="freeCrmTitleTest" time="33.907" classname="com.qa.TestCases.LoginTest"/>
</testsuite> <!-- com.qa.TestCases.LoginTest -->
