<?xml version="1.0" encoding="UTF-8"?>
<!-- Generated by org.testng.reporters.JUnitReportReporter -->
<testsuite hostname="Admin-PC" name="com.qa.TestCases.LoginTest" tests="2" failures="0" timestamp="5 Aug 2019 18:22:53 GMT" time="25.286" errors="0">
  <testcase name="freemCRMLogoTest" time="12.693" classname="com.qa.TestCases.LoginTest"/>
  <testcase name="freeCrmTitleTest" time="12.593" classname="com.qa.TestCases.LoginTest"/>
</testsuite> <!-- com.qa.TestCases.LoginTest -->
